<?xml version="1.0" encoding="UTF-8"?>
<testng-results ignored="0" total="1" passed="1" failed="0" skipped="0">
  <reporter-output>
  </reporter-output>
  <suite started-at="2022-03-19T22:07:53 IST" name="Default suite" finished-at="2022-03-19T22:09:35 IST" duration-ms="102511">
    <groups>
    </groups>
    <test started-at="2022-03-19T22:07:53 IST" name="Default test" finished-at="2022-03-19T22:09:35 IST" duration-ms="102511">
      <class name="local.TFP">
        <test-method signature="TFP()[pri:0, instance:local.TFP@2cdd0d4b]" started-at="2022-03-19T22:07:53 IST" name="TFP" finished-at="2022-03-19T22:09:35 IST" duration-ms="102449" status="PASS">
          <reporter-output>
          </reporter-output>
        </test-method> <!-- TFP -->
      </class> <!-- local.TFP -->
    </test> <!-- Default test -->
  </suite> <!-- Default suite -->
</testng-results>
